[2020-04-22T09:48:31.192+0000][gc,heap] Heap region size: 1M
[2020-04-22T09:48:31.205+0000][gc     ] Using G1
[2020-04-22T09:48:31.205+0000][gc,heap,coops] Heap address: 0x00000000c0000000, size: 1024 MB, Compressed Oops mode: 32-bit
[2020-04-22T09:48:33.613+0000][gc,start     ] GC(0) Pause Young (Concurrent Start) (Metadata GC Threshold)
[2020-04-22T09:48:33.613+0000][gc,task      ] GC(0) Using 1 workers of 1 for evacuation
[2020-04-22T09:48:33.641+0000][gc,mmu       ] GC(0) MMU target violated: 21.0ms (20.0ms/21.0ms)
[2020-04-22T09:48:33.641+0000][gc,phases    ] GC(0)   Pre Evacuate Collection Set: 0.1ms
[2020-04-22T09:48:33.641+0000][gc,phases    ] GC(0)   Evacuate Collection Set: 26.1ms
[2020-04-22T09:48:33.641+0000][gc,phases    ] GC(0)   Post Evacuate Collection Set: 0.7ms
[2020-04-22T09:48:33.641+0000][gc,phases    ] GC(0)   Other: 0.6ms
[2020-04-22T09:48:33.641+0000][gc,heap      ] GC(0) Eden regions: 39->0(44)
[2020-04-22T09:48:33.641+0000][gc,heap      ] GC(0) Survivor regions: 0->7(7)
[2020-04-22T09:48:33.641+0000][gc,heap      ] GC(0) Old regions: 0->0
[2020-04-22T09:48:33.641+0000][gc,heap      ] GC(0) Humongous regions: 0->0
[2020-04-22T09:48:33.641+0000][gc,metaspace ] GC(0) Metaspace: 20771K->20771K(1069056K)
[2020-04-22T09:48:33.641+0000][gc           ] GC(0) Pause Young (Concurrent Start) (Metadata GC Threshold) 38M->6M(1024M) 27.494ms
[2020-04-22T09:48:33.641+0000][gc,cpu       ] GC(0) User=0.03s Sys=0.01s Real=0.03s
[2020-04-22T09:48:33.641+0000][gc           ] GC(1) Concurrent Cycle
[2020-04-22T09:48:33.641+0000][gc,marking   ] GC(1) Concurrent Clear Claimed Marks
[2020-04-22T09:48:33.641+0000][gc,marking   ] GC(1) Concurrent Clear Claimed Marks 0.048ms
[2020-04-22T09:48:33.641+0000][gc,marking   ] GC(1) Concurrent Scan Root Regions
[2020-04-22T09:48:33.648+0000][gc,marking   ] GC(1) Concurrent Scan Root Regions 6.572ms
[2020-04-22T09:48:33.648+0000][gc,marking   ] GC(1) Concurrent Mark (2.459s)
[2020-04-22T09:48:33.648+0000][gc,marking   ] GC(1) Concurrent Mark From Roots
[2020-04-22T09:48:33.648+0000][gc,task      ] GC(1) Using 1 workers of 1 for marking
[2020-04-22T09:48:33.660+0000][gc,marking   ] GC(1) Concurrent Mark From Roots 12.487ms
[2020-04-22T09:48:33.660+0000][gc,marking   ] GC(1) Concurrent Preclean
[2020-04-22T09:48:33.660+0000][gc,marking   ] GC(1) Concurrent Preclean 0.054ms
[2020-04-22T09:48:33.660+0000][gc,marking   ] GC(1) Concurrent Mark (2.459s, 2.472s) 12.604ms
[2020-04-22T09:48:33.664+0000][gc,start     ] GC(1) Pause Remark
[2020-04-22T09:48:33.670+0000][gc,stringtable] GC(1) Cleaned string and symbol table, strings: 7462 processed, 0 removed, symbols: 64014 processed, 39 removed
[2020-04-22T09:48:33.671+0000][gc            ] GC(1) Pause Remark 7M->7M(1024M) 6.765ms
[2020-04-22T09:48:33.671+0000][gc,cpu        ] GC(1) User=0.01s Sys=0.00s Real=0.01s
[2020-04-22T09:48:33.671+0000][gc,marking    ] GC(1) Concurrent Rebuild Remembered Sets
[2020-04-22T09:48:33.671+0000][gc,marking    ] GC(1) Concurrent Rebuild Remembered Sets 0.106ms
[2020-04-22T09:48:33.671+0000][gc,start      ] GC(1) Pause Cleanup
[2020-04-22T09:48:33.671+0000][gc            ] GC(1) Pause Cleanup 7M->7M(1024M) 0.147ms
[2020-04-22T09:48:33.671+0000][gc,cpu        ] GC(1) User=0.00s Sys=0.00s Real=0.00s
[2020-04-22T09:48:33.671+0000][gc,marking    ] GC(1) Concurrent Cleanup for Next Mark
[2020-04-22T09:48:33.736+0000][gc,marking    ] GC(1) Concurrent Cleanup for Next Mark 64.665ms
[2020-04-22T09:48:33.736+0000][gc            ] GC(1) Concurrent Cycle 94.789ms
[2020-04-22T09:48:35.670+0000][gc,start      ] GC(2) Pause Young (Normal) (G1 Evacuation Pause)
[2020-04-22T09:48:35.670+0000][gc,task       ] GC(2) Using 1 workers of 1 for evacuation
[2020-04-22T09:48:35.711+0000][gc,mmu        ] GC(2) MMU target violated: 21.0ms (20.0ms/21.0ms)
[2020-04-22T09:48:35.711+0000][gc,phases     ] GC(2)   Pre Evacuate Collection Set: 0.1ms
[2020-04-22T09:48:35.711+0000][gc,phases     ] GC(2)   Evacuate Collection Set: 39.8ms
[2020-04-22T09:48:35.711+0000][gc,phases     ] GC(2)   Post Evacuate Collection Set: 0.9ms
[2020-04-22T09:48:35.711+0000][gc,phases     ] GC(2)   Other: 0.3ms
[2020-04-22T09:48:35.711+0000][gc,heap       ] GC(2) Eden regions: 44->0(49)
[2020-04-22T09:48:35.711+0000][gc,heap       ] GC(2) Survivor regions: 7->2(7)
[2020-04-22T09:48:35.711+0000][gc,heap       ] GC(2) Old regions: 0->7
[2020-04-22T09:48:35.711+0000][gc,heap       ] GC(2) Humongous regions: 0->0
[2020-04-22T09:48:35.711+0000][gc,metaspace  ] GC(2) Metaspace: 29714K->29714K(1075200K)
[2020-04-22T09:48:35.711+0000][gc            ] GC(2) Pause Young (Normal) (G1 Evacuation Pause) 50M->8M(1024M) 41.225ms
[2020-04-22T09:48:35.711+0000][gc,cpu        ] GC(2) User=0.03s Sys=0.02s Real=0.04s
[2020-04-22T09:48:37.003+0000][gc,start      ] GC(3) Pause Young (Concurrent Start) (Metadata GC Threshold)
[2020-04-22T09:48:37.003+0000][gc,task       ] GC(3) Using 1 workers of 1 for evacuation
[2020-04-22T09:48:37.021+0000][gc,phases     ] GC(3)   Pre Evacuate Collection Set: 0.2ms
[2020-04-22T09:48:37.022+0000][gc,phases     ] GC(3)   Evacuate Collection Set: 17.6ms
[2020-04-22T09:48:37.022+0000][gc,phases     ] GC(3)   Post Evacuate Collection Set: 0.6ms
[2020-04-22T09:48:37.022+0000][gc,phases     ] GC(3)   Other: 0.4ms
[2020-04-22T09:48:37.022+0000][gc,heap       ] GC(3) Eden regions: 32->0(46)
[2020-04-22T09:48:37.022+0000][gc,heap       ] GC(3) Survivor regions: 2->5(7)
[2020-04-22T09:48:37.022+0000][gc,heap       ] GC(3) Old regions: 7->7
[2020-04-22T09:48:37.022+0000][gc,heap       ] GC(3) Humongous regions: 129->129
[2020-04-22T09:48:37.022+0000][gc,metaspace  ] GC(3) Metaspace: 34864K->34864K(1081344K)
[2020-04-22T09:48:37.022+0000][gc            ] GC(3) Pause Young (Concurrent Start) (Metadata GC Threshold) 168M->139M(1024M) 18.880ms
[2020-04-22T09:48:37.022+0000][gc,cpu        ] GC(3) User=0.02s Sys=0.00s Real=0.02s
[2020-04-22T09:48:37.022+0000][gc            ] GC(4) Concurrent Cycle
[2020-04-22T09:48:37.022+0000][gc,marking    ] GC(4) Concurrent Clear Claimed Marks
[2020-04-22T09:48:37.022+0000][gc,marking    ] GC(4) Concurrent Clear Claimed Marks 0.172ms
[2020-04-22T09:48:37.022+0000][gc,marking    ] GC(4) Concurrent Scan Root Regions
[2020-04-22T09:48:37.035+0000][gc,marking    ] GC(4) Concurrent Scan Root Regions 13.188ms
[2020-04-22T09:48:37.035+0000][gc,marking    ] GC(4) Concurrent Mark (5.847s)
[2020-04-22T09:48:37.035+0000][gc,marking    ] GC(4) Concurrent Mark From Roots
[2020-04-22T09:48:37.035+0000][gc,task       ] GC(4) Using 1 workers of 1 for marking
[2020-04-22T09:48:37.063+0000][gc,marking    ] GC(4) Concurrent Mark From Roots 27.638ms
[2020-04-22T09:48:37.063+0000][gc,marking    ] GC(4) Concurrent Preclean
[2020-04-22T09:48:37.063+0000][gc,marking    ] GC(4) Concurrent Preclean 0.132ms
[2020-04-22T09:48:37.063+0000][gc,marking    ] GC(4) Concurrent Mark (5.847s, 5.875s) 27.845ms
[2020-04-22T09:48:37.067+0000][gc,start      ] GC(4) Pause Remark
[2020-04-22T09:48:37.079+0000][gc,stringtable] GC(4) Cleaned string and symbol table, strings: 11814 processed, 8 removed, symbols: 95928 processed, 24 removed
[2020-04-22T09:48:37.080+0000][gc            ] GC(4) Pause Remark 141M->141M(1024M) 13.251ms
[2020-04-22T09:48:37.080+0000][gc,cpu        ] GC(4) User=0.02s Sys=0.00s Real=0.01s
[2020-04-22T09:48:37.081+0000][gc,marking    ] GC(4) Concurrent Rebuild Remembered Sets
[2020-04-22T09:48:37.100+0000][gc,marking    ] GC(4) Concurrent Rebuild Remembered Sets 18.668ms
[2020-04-22T09:48:37.100+0000][gc,start      ] GC(4) Pause Cleanup
[2020-04-22T09:48:37.100+0000][gc            ] GC(4) Pause Cleanup 142M->142M(1024M) 0.259ms
[2020-04-22T09:48:37.100+0000][gc,cpu        ] GC(4) User=0.01s Sys=0.00s Real=0.00s
[2020-04-22T09:48:37.100+0000][gc,marking    ] GC(4) Concurrent Cleanup for Next Mark
[2020-04-22T09:48:37.150+0000][gc,marking    ] GC(4) Concurrent Cleanup for Next Mark 50.114ms
[2020-04-22T09:48:37.151+0000][gc            ] GC(4) Concurrent Cycle 128.772ms
[2020-04-22T09:48:39.143+0000][gc,start      ] GC(5) Pause Young (Normal) (G1 Evacuation Pause)
[2020-04-22T09:48:39.143+0000][gc,task       ] GC(5) Using 1 workers of 1 for evacuation
[2020-04-22T09:48:39.186+0000][gc,mmu        ] GC(5) MMU target violated: 21.0ms (20.0ms/21.0ms)
[2020-04-22T09:48:39.186+0000][gc,phases     ] GC(5)   Pre Evacuate Collection Set: 0.1ms
[2020-04-22T09:48:39.186+0000][gc,phases     ] GC(5)   Evacuate Collection Set: 41.7ms
[2020-04-22T09:48:39.186+0000][gc,phases     ] GC(5)   Post Evacuate Collection Set: 0.8ms
[2020-04-22T09:48:39.186+0000][gc,phases     ] GC(5)   Other: 0.4ms
[2020-04-22T09:48:39.186+0000][gc,heap       ] GC(5) Eden regions: 46->0(45)
[2020-04-22T09:48:39.186+0000][gc,heap       ] GC(5) Survivor regions: 5->6(7)
[2020-04-22T09:48:39.186+0000][gc,heap       ] GC(5) Old regions: 7->8
[2020-04-22T09:48:39.186+0000][gc,heap       ] GC(5) Humongous regions: 135->135
[2020-04-22T09:48:39.186+0000][gc,metaspace  ] GC(5) Metaspace: 43039K->43039K(1087488K)
[2020-04-22T09:48:39.186+0000][gc            ] GC(5) Pause Young (Normal) (G1 Evacuation Pause) 191M->148M(1024M) 43.070ms
[2020-04-22T09:48:39.186+0000][gc,cpu        ] GC(5) User=0.04s Sys=0.01s Real=0.05s
[2020-04-22T09:58:04.489+0000][gc,start      ] GC(6) Pause Young (Normal) (G1 Evacuation Pause)
[2020-04-22T09:58:04.489+0000][gc,task       ] GC(6) Using 1 workers of 1 for evacuation
[2020-04-22T09:58:04.541+0000][gc,mmu        ] GC(6) MMU target violated: 21.0ms (20.0ms/21.0ms)
[2020-04-22T09:58:04.541+0000][gc,phases     ] GC(6)   Pre Evacuate Collection Set: 2.1ms
[2020-04-22T09:58:04.541+0000][gc,phases     ] GC(6)   Evacuate Collection Set: 47.6ms
[2020-04-22T09:58:04.541+0000][gc,phases     ] GC(6)   Post Evacuate Collection Set: 1.7ms
[2020-04-22T09:58:04.541+0000][gc,phases     ] GC(6)   Other: 1.0ms
[2020-04-22T09:58:04.541+0000][gc,heap       ] GC(6) Eden regions: 45->0(47)
[2020-04-22T09:58:04.541+0000][gc,heap       ] GC(6) Survivor regions: 6->4(7)
[2020-04-22T09:58:04.541+0000][gc,heap       ] GC(6) Old regions: 8->11
[2020-04-22T09:58:04.541+0000][gc,heap       ] GC(6) Humongous regions: 213->129
[2020-04-22T09:58:04.541+0000][gc,metaspace  ] GC(6) Metaspace: 47218K->47218K(1091584K)
[2020-04-22T09:58:04.541+0000][gc            ] GC(6) Pause Young (Normal) (G1 Evacuation Pause) 271M->143M(1024M) 52.438ms
[2020-04-22T09:58:04.541+0000][gc,cpu        ] GC(6) User=0.04s Sys=0.01s Real=0.05s
