#
# There is insufficient memory for the Java Runtime Environment to continue.
# Native memory allocation (mmap) failed to map 536870912 bytes for committing reserved memory.
# Possible reasons:
#   The system is out of physical RAM or swap space
#   The process is running with CompressedOops enabled, and the Java Heap may be blocking the growth of the native heap
# Possible solutions:
#   Reduce memory load on the system
#   Increase physical memory or swap space
#   Check if swap backing store is full
#   Decrease Java heap size (-Xmx/-Xms)
#   Decrease number of Java threads
#   Decrease Java thread stack sizes (-Xss)
#   Set larger code cache with -XX:ReservedCodeCacheSize=
# This output file may be truncated or incomplete.
#
#  Out of Memory Error (os_linux.cpp:2843), pid=22954, tid=23284
#
# JRE version:  (11.0.6+10) (build )
# Java VM: OpenJDK 64-Bit Server VM (11.0.6+10, mixed mode, sharing, tiered, compressed oops, g1 gc, linux-amd64)
# No core dump will be written. Core dumps have been disabled. To enable core dumping, try "ulimit -c unlimited" before starting Java again
#

---------------  S U M M A R Y ------------

Command Line: -Xmx512M -Xms512M -XX:+UseG1GC -XX:MaxGCPauseMillis=20 -XX:InitiatingHeapOccupancyPercent=35 -XX:+ExplicitGCInvokesConcurrent -Djava.awt.headless=true -Xlog:gc*:file=/home/deep-stock/DeepStock/kafka/kafka_2.12-2.4.1/bin/../logs/zookeeper-gc.log:time,tags:filecount=10,filesize=102400 -Dcom.sun.management.jmxremote -Dcom.sun.management.jmxremote.authenticate=false -Dcom.sun.management.jmxremote.ssl=false -Dkafka.logs.dir=/home/deep-stock/DeepStock/kafka/kafka_2.12-2.4.1/bin/../logs -Dlog4j.configuration=file:bin/../config/log4j.properties org.apache.zookeeper.server.quorum.QuorumPeerMain config/zookeeper.properties

Host: Intel(R) Xeon(R) CPU @ 2.30GHz, 1 cores, 592M, Debian GNU/Linux 9 (stretch)
Time: Thu Apr  9 02:10:13 2020 UTC elapsed time: 0 seconds (0d 0h 0m 0s)

---------------  T H R E A D  ---------------

Current thread (0x00007fa20c017800):  JavaThread "Unknown thread" [_thread_in_vm, id=23284, stack(0x00007fa21519e000,0x00007fa21529f000)]

Stack: [0x00007fa21519e000,0x00007fa21529f000],  sp=0x00007fa21529d0e0,  free space=1020k
Native frames: (J=compiled Java code, A=aot compiled Java code, j=interpreted, Vv=VM code, C=native code)
V  [libjvm.so+0xdc24a6]  VMError::report_and_die(int, char const*, char const*, __va_list_tag*, Thread*, unsigned char*, void*, void*, char const*, int, unsigned long)+0x206
V  [libjvm.so+0xdc3665]  VMError::report_and_die(Thread*, char const*, int, unsigned long, VMErrorType, char const*, __va_list_tag*)+0x45
V  [libjvm.so+0x667bda]  report_vm_out_of_memory(char const*, int, unsigned long, VMErrorType, char const*, ...)+0xea
V  [libjvm.so+0xbc0ab5]  os::Linux::commit_memory_impl(char*, unsigned long, bool)+0x115
V  [libjvm.so+0xbc0c14]  os::pd_commit_memory_or_exit(char*, unsigned long, unsigned long, bool, char const*)+0x34
V  [libjvm.so+0xbb41d6]  os::commit_memory_or_exit(char*, unsigned long, unsigned long, bool, char const*)+0x26
V  [libjvm.so+0x7851ba]  G1PageBasedVirtualSpace::commit_preferred_pages(unsigned long, unsigned long)+0x7a
V  [libjvm.so+0x7857cd]  G1PageBasedVirtualSpace::commit_internal(unsigned long, unsigned long)+0x9d
V  [libjvm.so+0x785a14]  G1PageBasedVirtualSpace::commit(unsigned long, unsigned long)+0xd4
V  [libjvm.so+0x78f3d1]  G1RegionsLargerThanCommitSizeMapper::commit_regions(unsigned int, unsigned long, WorkGang*)+0x51
V  [libjvm.so+0x8085f9]  HeapRegionManager::commit_regions(unsigned int, unsigned long, WorkGang*)+0x89
V  [libjvm.so+0x8090ff]  HeapRegionManager::make_regions_available(unsigned int, unsigned int, WorkGang*)+0x2f
V  [libjvm.so+0x809748]  HeapRegionManager::expand_by(unsigned int, WorkGang*)+0x88
V  [libjvm.so+0x73748e]  G1CollectedHeap::expand(unsigned long, WorkGang*, double*)+0xce
V  [libjvm.so+0x73e7ce]  G1CollectedHeap::initialize()+0xa0e
V  [libjvm.so+0xd896dc]  Universe::initialize_heap()+0x4c
V  [libjvm.so+0xd899b4]  universe_init()+0x54
V  [libjvm.so+0x8240ca]  init_globals()+0x5a
V  [libjvm.so+0xd647cf]  Threads::create_vm(JavaVMInitArgs*, bool*)+0x2ff
V  [libjvm.so+0x8cb4bc]  JNI_CreateJavaVM+0x7c
C  [libjli.so+0x49c4]  JavaMain+0x84


---------------  P R O C E S S  ---------------

Threads class SMR info:
_java_thread_list=0x0000000001808f80, length=0, elements={
}

Java Threads: ( => current thread )

Other Threads:
  0x00007fa20c030800 GCTaskThread "GC Thread#0" [stack: 0x00007fa21125b000,0x00007fa21135b000] [id=23285]
  0x00007fa20c041000 ConcurrentGCThread "G1 Main Marker" [stack: 0x00007fa210558000,0x00007fa210658000] [id=23286]
  0x00007fa20c043000 ConcurrentGCThread "G1 Conc#0" [stack: 0x00007fa210456000,0x00007fa210556000] [id=23287]

[error occurred during error reporting (printing all threads), id 0xb, SIGSEGV (0xb) at pc=0x00007fa2137be0b3]

VM state:not at safepoint (not fully initialized)

VM Mutex/Monitor currently owned by a thread:  ([mutex/lock_event])
[0x00007fa20c013d60] Heap_lock - owner thread: 0x00007fa20c017800

Heap address: 0x00000000e0000000, size: 512 MB, Compressed Oops mode: Non-zero based: 0x00000000e0000000
Narrow klass base: 0x0000000000000000, Narrow klass shift: 0

GC Heap History (0 events):
No events

Deoptimization events (0 events):
No events

Classes redefined (0 events):
No events

Internal exceptions (0 events):
No events

Events (3 events):
Event: 0.003 Protecting memory [0x00007fa21519e000,0x00007fa2151a2000] with protection modes 0
Event: 0.003 Loaded shared library /home/deep-stock/.sdkman/candidates/java/11.0.6-open/lib/libzip.so
Event: 0.003 Loaded shared library /home/deep-stock/.sdkman/candidates/java/11.0.6-open/lib/libjimage.so


Dynamic libraries:
00400000-00401000 r-xp 00000000 08:01 437747                             /home/deep-stock/.sdkman/candidates/java/11.0.6-open/bin/java
00601000-00602000 rw-p 00001000 08:01 437747                             /home/deep-stock/.sdkman/candidates/java/11.0.6-open/bin/java
01804000-01825000 rw-p 00000000 00:00 0                                  [heap]
7fa1e5d95000-7fa1e6000000 rw-p 00000000 00:00 0 
7fa1e6000000-7fa1e8000000 rw-p 00000000 00:00 0 
7fa1e8000000-7fa1e8021000 rw-p 00000000 00:00 0 
7fa1e8021000-7fa1ec000000 ---p 00000000 00:00 0 
7fa1ec000000-7fa1ec021000 rw-p 00000000 00:00 0 
7fa1ec021000-7fa1f0000000 ---p 00000000 00:00 0 
7fa1f0000000-7fa1f0021000 rw-p 00000000 00:00 0 
7fa1f0021000-7fa1f4000000 ---p 00000000 00:00 0 
7fa1f4110000-7fa1f4910000 ---p 00000000 00:00 0 
7fa1f4910000-7fa1f4b80000 rwxp 00000000 00:00 0 
7fa1f4b80000-7fa1f4e9f000 ---p 00000000 00:00 0 
7fa1f4e9f000-7fa1f510f000 rwxp 00000000 00:00 0 
7fa1f510f000-7fa1fc3d7000 ---p 00000000 00:00 0 
7fa1fc3d7000-7fa1fc647000 rwxp 00000000 00:00 0 
7fa1fc647000-7fa203910000 ---p 00000000 00:00 0 
7fa203910000-7fa20c000000 r--s 00000000 08:01 437721                     /home/deep-stock/.sdkman/candidates/java/11.0.6-open/lib/modules
7fa20c000000-7fa20c054000 rw-p 00000000 00:00 0 
7fa20c054000-7fa210000000 ---p 00000000 00:00 0 
7fa210205000-7fa210454000 rw-p 00000000 00:00 0 
7fa210454000-7fa210455000 ---p 00000000 00:00 0 
7fa210455000-7fa210556000 rw-p 00000000 00:00 0 
7fa210556000-7fa210557000 ---p 00000000 00:00 0 
7fa210557000-7fa210658000 rw-p 00000000 00:00 0 
7fa210658000-7fa211158000 ---p 00000000 00:00 0 
7fa211158000-7fa211259000 rw-p 00000000 00:00 0 
7fa211259000-7fa21125a000 ---p 00000000 00:00 0 
7fa21125a000-7fa21135b000 rw-p 00000000 00:00 0 
7fa21135b000-7fa211360000 rw-p 00000000 00:00 0 
7fa211360000-7fa211446000 ---p 00000000 00:00 0 
7fa211446000-7fa21144b000 rw-p 00000000 00:00 0 
7fa21144b000-7fa211531000 ---p 00000000 00:00 0 
7fa211531000-7fa21153c000 r-xp 00000000 08:01 437696                     /home/deep-stock/.sdkman/candidates/java/11.0.6-open/lib/libjimage.so
7fa21153c000-7fa21173c000 ---p 0000b000 08:01 437696                     /home/deep-stock/.sdkman/candidates/java/11.0.6-open/lib/libjimage.so
7fa21173c000-7fa21173d000 rw-p 0000b000 08:01 437696                     /home/deep-stock/.sdkman/candidates/java/11.0.6-open/lib/libjimage.so
7fa21173d000-7fa211744000 r-xp 00000000 08:01 437733                     /home/deep-stock/.sdkman/candidates/java/11.0.6-open/lib/libzip.so
7fa211744000-7fa211944000 ---p 00007000 08:01 437733                     /home/deep-stock/.sdkman/candidates/java/11.0.6-open/lib/libzip.so
7fa211944000-7fa211945000 rw-p 00007000 08:01 437733                     /home/deep-stock/.sdkman/candidates/java/11.0.6-open/lib/libzip.so
7fa211945000-7fa21194f000 r-xp 00000000 08:01 131238                     /lib/x86_64-linux-gnu/libnss_files-2.24.so
7fa21194f000-7fa211b4f000 ---p 0000a000 08:01 131238                     /lib/x86_64-linux-gnu/libnss_files-2.24.so
7fa211b4f000-7fa211b50000 r--p 0000a000 08:01 131238                     /lib/x86_64-linux-gnu/libnss_files-2.24.so
7fa211b50000-7fa211b51000 rw-p 0000b000 08:01 131238                     /lib/x86_64-linux-gnu/libnss_files-2.24.so
7fa211b51000-7fa211b57000 rw-p 00000000 00:00 0 
7fa211b57000-7fa211b62000 r-xp 00000000 08:01 131540                     /lib/x86_64-linux-gnu/libnss_nis-2.24.so
7fa211b62000-7fa211d61000 ---p 0000b000 08:01 131540                     /lib/x86_64-linux-gnu/libnss_nis-2.24.so
7fa211d61000-7fa211d62000 r--p 0000a000 08:01 131540                     /lib/x86_64-linux-gnu/libnss_nis-2.24.so
7fa211d62000-7fa211d63000 rw-p 0000b000 08:01 131540                     /lib/x86_64-linux-gnu/libnss_nis-2.24.so
7fa211d63000-7fa211d77000 r-xp 00000000 08:01 131183                     /lib/x86_64-linux-gnu/libnsl-2.24.so
7fa211d77000-7fa211f77000 ---p 00014000 08:01 131183                     /lib/x86_64-linux-gnu/libnsl-2.24.so
7fa211f77000-7fa211f78000 r--p 00014000 08:01 131183                     /lib/x86_64-linux-gnu/libnsl-2.24.so
7fa211f78000-7fa211f79000 rw-p 00015000 08:01 131183                     /lib/x86_64-linux-gnu/libnsl-2.24.so
7fa211f79000-7fa211f7b000 rw-p 00000000 00:00 0 
7fa211f7b000-7fa211f82000 r-xp 00000000 08:01 131184                     /lib/x86_64-linux-gnu/libnss_compat-2.24.so
7fa211f82000-7fa212181000 ---p 00007000 08:01 131184                     /lib/x86_64-linux-gnu/libnss_compat-2.24.so
7fa212181000-7fa212182000 r--p 00006000 08:01 131184                     /lib/x86_64-linux-gnu/libnss_compat-2.24.so
7fa212182000-7fa212183000 rw-p 00007000 08:01 131184                     /lib/x86_64-linux-gnu/libnss_compat-2.24.so
7fa212183000-7fa2121ac000 r-xp 00000000 08:01 437720                     /home/deep-stock/.sdkman/candidates/java/11.0.6-open/lib/libjava.so
7fa2121ac000-7fa2123ac000 ---p 00029000 08:01 437720                     /home/deep-stock/.sdkman/candidates/java/11.0.6-open/lib/libjava.so
7fa2123ac000-7fa2123ae000 rw-p 00029000 08:01 437720                     /home/deep-stock/.sdkman/candidates/java/11.0.6-open/lib/libjava.so
7fa2123ae000-7fa2123bc000 r-xp 00000000 08:01 437710                     /home/deep-stock/.sdkman/candidates/java/11.0.6-open/lib/libverify.so
7fa2123bc000-7fa2125bb000 ---p 0000e000 08:01 437710                     /home/deep-stock/.sdkman/candidates/java/11.0.6-open/lib/libverify.so
7fa2125bb000-7fa2125bd000 rw-p 0000d000 08:01 437710                     /home/deep-stock/.sdkman/candidates/java/11.0.6-open/lib/libverify.so
7fa2125bd000-7fa2125c4000 r-xp 00000000 08:01 131571                     /lib/x86_64-linux-gnu/librt-2.24.so
7fa2125c4000-7fa2127c3000 ---p 00007000 08:01 131571                     /lib/x86_64-linux-gnu/librt-2.24.so
7fa2127c3000-7fa2127c4000 r--p 00006000 08:01 131571                     /lib/x86_64-linux-gnu/librt-2.24.so
7fa2127c4000-7fa2127c5000 rw-p 00007000 08:01 131571                     /lib/x86_64-linux-gnu/librt-2.24.so
7fa2127c5000-7fa2127db000 r-xp 00000000 08:01 131163                     /lib/x86_64-linux-gnu/libgcc_s.so.1
7fa2127db000-7fa2129da000 ---p 00016000 08:01 131163                     /lib/x86_64-linux-gnu/libgcc_s.so.1
7fa2129da000-7fa2129db000 r--p 00015000 08:01 131163                     /lib/x86_64-linux-gnu/libgcc_s.so.1
7fa2129db000-7fa2129dc000 rw-p 00016000 08:01 131163                     /lib/x86_64-linux-gnu/libgcc_s.so.1
7fa2129dc000-7fa212adf000 r-xp 00000000 08:01 131180                     /lib/x86_64-linux-gnu/libm-2.24.so
7fa212adf000-7fa212cde000 ---p 00103000 08:01 131180                     /lib/x86_64-linux-gnu/libm-2.24.so
7fa212cde000-7fa212cdf000 r--p 00102000 08:01 131180                     /lib/x86_64-linux-gnu/libm-2.24.so
7fa212cdf000-7fa212ce0000 rw-p 00103000 08:01 131180                     /lib/x86_64-linux-gnu/libm-2.24.so
7fa212ce0000-7fa212e52000 r-xp 00000000 08:01 398076                     /usr/lib/x86_64-linux-gnu/libstdc++.so.6.0.22
7fa212e52000-7fa213052000 ---p 00172000 08:01 398076                     /usr/lib/x86_64-linux-gnu/libstdc++.so.6.0.22
7fa213052000-7fa21305c000 r--p 00172000 08:01 398076                     /usr/lib/x86_64-linux-gnu/libstdc++.so.6.0.22
7fa21305c000-7fa21305e000 rw-p 0017c000 08:01 398076                     /usr/lib/x86_64-linux-gnu/libstdc++.so.6.0.22
7fa21305e000-7fa213062000 rw-p 00000000 00:00 0 
7fa213062000-7fa21413c000 r-xp 00000000 08:01 437734                     /home/deep-stock/.sdkman/candidates/java/11.0.6-open/lib/server/libjvm.so
7fa21413c000-7fa21433b000 ---p 010da000 08:01 437734                     /home/deep-stock/.sdkman/candidates/java/11.0.6-open/lib/server/libjvm.so
7fa21433b000-7fa214413000 r--p 010d9000 08:01 437734                     /home/deep-stock/.sdkman/candidates/java/11.0.6-open/lib/server/libjvm.so
7fa214413000-7fa21444c000 rw-p 011b1000 08:01 437734                     /home/deep-stock/.sdkman/candidates/java/11.0.6-open/lib/server/libjvm.so
7fa21444c000-7fa2144a3000 rw-p 00000000 00:00 0 
7fa2144a3000-7fa214638000 r-xp 00000000 08:01 131176                     /lib/x86_64-linux-gnu/libc-2.24.so
7fa214638000-7fa214838000 ---p 00195000 08:01 131176                     /lib/x86_64-linux-gnu/libc-2.24.so
7fa214838000-7fa21483c000 r--p 00195000 08:01 131176                     /lib/x86_64-linux-gnu/libc-2.24.so
7fa21483c000-7fa21483e000 rw-p 00199000 08:01 131176                     /lib/x86_64-linux-gnu/libc-2.24.so
7fa21483e000-7fa214842000 rw-p 00000000 00:00 0 
7fa214842000-7fa214845000 r-xp 00000000 08:01 131179                     /lib/x86_64-linux-gnu/libdl-2.24.so
7fa214845000-7fa214a44000 ---p 00003000 08:01 131179                     /lib/x86_64-linux-gnu/libdl-2.24.so
7fa214a44000-7fa214a45000 r--p 00002000 08:01 131179                     /lib/x86_64-linux-gnu/libdl-2.24.so
7fa214a45000-7fa214a46000 rw-p 00003000 08:01 131179                     /lib/x86_64-linux-gnu/libdl-2.24.so
7fa214a46000-7fa214a55000 r-xp 00000000 08:01 437717                     /home/deep-stock/.sdkman/candidates/java/11.0.6-open/lib/jli/libjli.so
7fa214a55000-7fa214c54000 ---p 0000f000 08:01 437717                     /home/deep-stock/.sdkman/candidates/java/11.0.6-open/lib/jli/libjli.so
7fa214c54000-7fa214c55000 rw-p 0000e000 08:01 437717                     /home/deep-stock/.sdkman/candidates/java/11.0.6-open/lib/jli/libjli.so
7fa214c55000-7fa214c6d000 r-xp 00000000 08:01 131567                     /lib/x86_64-linux-gnu/libpthread-2.24.so
7fa214c6d000-7fa214e6c000 ---p 00018000 08:01 131567                     /lib/x86_64-linux-gnu/libpthread-2.24.so
7fa214e6c000-7fa214e6d000 r--p 00017000 08:01 131567                     /lib/x86_64-linux-gnu/libpthread-2.24.so
7fa214e6d000-7fa214e6e000 rw-p 00018000 08:01 131567                     /lib/x86_64-linux-gnu/libpthread-2.24.so
7fa214e6e000-7fa214e72000 rw-p 00000000 00:00 0 
7fa214e72000-7fa214e8b000 r-xp 00000000 08:01 131462                     /lib/x86_64-linux-gnu/libz.so.1.2.8
7fa214e8b000-7fa21508a000 ---p 00019000 08:01 131462                     /lib/x86_64-linux-gnu/libz.so.1.2.8
7fa21508a000-7fa21508b000 r--p 00018000 08:01 131462                     /lib/x86_64-linux-gnu/libz.so.1.2.8
7fa21508b000-7fa21508c000 rw-p 00019000 08:01 131462                     /lib/x86_64-linux-gnu/libz.so.1.2.8
7fa21508c000-7fa2150af000 r-xp 00000000 08:01 131172                     /lib/x86_64-linux-gnu/ld-2.24.so
7fa215178000-7fa21518f000 rw-p 00000000 00:00 0 
7fa21518f000-7fa215196000 ---p 00000000 00:00 0 
7fa215196000-7fa21519e000 rw-s 00000000 08:01 137866                     /tmp/hsperfdata_deep-stock/22954
7fa21519e000-7fa2151a2000 ---p 00000000 00:00 0 
7fa2151a2000-7fa2152a3000 rw-p 00000000 00:00 0 
7fa2152a9000-7fa2152aa000 ---p 00000000 00:00 0 
7fa2152aa000-7fa2152ab000 r--p 00000000 00:00 0 
7fa2152ab000-7fa2152ad000 r--p 00000000 00:00 0                          [vvar]
7fa2152ad000-7fa2152af000 r-xp 00000000 00:00 0                          [vdso]
7fa2152af000-7fa2152b0000 r--p 00023000 08:01 131172                     /lib/x86_64-linux-gnu/ld-2.24.so
7fa2152b0000-7fa2152b1000 rw-p 00024000 08:01 131172                     /lib/x86_64-linux-gnu/ld-2.24.so
7fa2152b1000-7fa2152b2000 rw-p 00000000 00:00 0 
7ffed29cc000-7ffed29ef000 rw-p 00000000 00:00 0                          [stack]
ffffffffff600000-ffffffffff601000 r-xp 00000000 00:00 0                  [vsyscall]


VM Arguments:
jvm_args: -Xmx512M -Xms512M -XX:+UseG1GC -XX:MaxGCPauseMillis=20 -XX:InitiatingHeapOccupancyPercent=35 -XX:+ExplicitGCInvokesConcurrent -Djava.awt.headless=true -Xlog:gc*:file=/home/deep-stock/DeepStock/kafka/kafka_2.12-2.4.1/bin/../logs/zookeeper-gc.log:time,tags:filecount=10,filesize=102400 -Dcom.sun.management.jmxremote -Dcom.sun.management.jmxremote.authenticate=false -Dcom.sun.management.jmxremote.ssl=false -Dkafka.logs.dir=/home/deep-stock/DeepStock/kafka/kafka_2.12-2.4.1/bin/../logs -Dlog4j.configuration=file:bin/../config/log4j.properties 
java_command: org.apache.zookeeper.server.quorum.QuorumPeerMain config/zookeeper.properties
java_class_path (initial): /home/deep-stock/DeepStock/kafka/kafka_2.12-2.4.1/bin/../libs/activation-1.1.1.jar:/home/deep-stock/DeepStock/kafka/kafka_2.12-2.4.1/bin/../libs/aopalliance-repackaged-2.5.0.jar:/home/deep-stock/DeepStock/kafka/kafka_2.12-2.4.1/bin/../libs/argparse4j-0.7.0.jar:/home/deep-stock/DeepStock/kafka/kafka_2.12-2.4.1/bin/../libs/audience-annotations-0.5.0.jar:/home/deep-stock/DeepStock/kafka/kafka_2.12-2.4.1/bin/../libs/commons-cli-1.4.jar:/home/deep-stock/DeepStock/kafka/kafka_2.12-2.4.1/bin/../libs/commons-lang3-3.8.1.jar:/home/deep-stock/DeepStock/kafka/kafka_2.12-2.4.1/bin/../libs/connect-api-2.4.1.jar:/home/deep-stock/DeepStock/kafka/kafka_2.12-2.4.1/bin/../libs/connect-basic-auth-extension-2.4.1.jar:/home/deep-stock/DeepStock/kafka/kafka_2.12-2.4.1/bin/../libs/connect-file-2.4.1.jar:/home/deep-stock/DeepStock/kafka/kafka_2.12-2.4.1/bin/../libs/connect-json-2.4.1.jar:/home/deep-stock/DeepStock/kafka/kafka_2.12-2.4.1/bin/../libs/connect-mirror-2.4.1.jar:/home/deep-stock/DeepStock/kafka/kafka_2.12-2.4.1/bin/../libs/connect-mirror-client-2.4.1.jar:/home/deep-stock/DeepStock/kafka/kafka_2.12-2.4.1/bin/../libs/connect-runtime-2.4.1.jar:/home/deep-stock/DeepStock/kafka/kafka_2.12-2.4.1/bin/../libs/connect-transforms-2.4.1.jar:/home/deep-stock/DeepStock/kafka/kafka_2.12-2.4.1/bin/../libs/guava-20.0.jar:/home/deep-stock/DeepStock/kafka/kafka_2.12-2.4.1/bin/../libs/hk2-api-2.5.0.jar:/home/deep-stock/DeepStock/kafka/kafka_2.12-2.4.1/bin/../libs/hk2-locator-2.5.0.jar:/home/deep-stock/DeepStock/kafka/kafka_2.12-2.4.1/bin/../libs/hk2-utils-2.5.0.jar:/home/deep-stock/DeepStock/kafka/kafka_2.12-2.4.1/bin/../libs/jackson-annotations-2.10.0.jar:/home/deep-stock/DeepStock/kafka/kafka_2.12-2.4.1/bin/../libs/jackson-core-2.10.0.jar:/home/deep-stock/DeepStock/kafka/kafka_2.12-2.4.1/bin/../libs/jackson-databind-2.10.0.jar:/home/deep-stock/DeepStock/kafka/kafka_2.12-2.4.1/bin/../libs/jackson-dataformat-csv-2.10.0.jar:/home/deep-stock/DeepStock/kafka/kafka_2.12-2.
Launcher Type: SUN_STANDARD

[Global flags]
     intx CICompilerCount                          = 2                                         {product} {ergonomic}
     uint ConcGCThreads                            = 1                                         {product} {ergonomic}
     bool ExplicitGCInvokesConcurrent              = true                                      {product} {command line}
     uint G1ConcRefinementThreads                  = 1                                         {product} {ergonomic}
   size_t G1HeapRegionSize                         = 1048576                                   {product} {ergonomic}
    uintx GCDrainStackTargetSize                   = 64                                        {product} {ergonomic}
   size_t InitialHeapSize                          = 536870912                                 {product} {command line}
    uintx InitiatingHeapOccupancyPercent           = 35                                        {product} {command line}
     bool ManagementServer                         = true                                      {product} {command line}
   size_t MarkStackSize                            = 4194304                                   {product} {ergonomic}
    uintx MaxGCPauseMillis                         = 20                                        {product} {command line}
   size_t MaxHeapSize                              = 536870912                                 {product} {command line}
   size_t MinHeapDeltaBytes                        = 1048576                                   {product} {ergonomic}
    uintx NonNMethodCodeHeapSize                   = 5825164                                {pd product} {ergonomic}
    uintx NonProfiledCodeHeapSize                  = 122916538                              {pd product} {ergonomic}
    uintx ProfiledCodeHeapSize                     = 122916538                              {pd product} {ergonomic}
    uintx ReservedCodeCacheSize                    = 251658240                              {pd product} {ergonomic}
     bool SegmentedCodeCache                       = true                                      {product} {ergonomic}
     bool UseCompressedClassPointers               = true                                 {lp64_product} {ergonomic}
     bool UseCompressedOops                        = true                                 {lp64_product} {ergonomic}
     bool UseG1GC                                  = true                                      {product} {command line}

Logging:
Log output configuration:
 #0: stdout all=warning uptime,level,tags
 #1: stderr all=off uptime,level,tags
 #2: file=/home/deep-stock/DeepStock/kafka/kafka_2.12-2.4.1/bin/../logs/zookeeper-gc.log all=off,gc*=info time,tags filecount=10,filesize=100K (reconfigured)

Environment Variables:
JAVA_HOME=/home/deep-stock/.sdkman/candidates/java/current
PATH=/home/deep-stock/DeepStock/kafka/venv/bin:/home/deep-stock/.sdkman/candidates/java/current/bin:/home/deep-stock/.nvm/versions/node/v13.10.0/bin:/usr/local/bin:/usr/bin:/bin:/usr/local/games:/usr/games
SHELL=/bin/bash

Signal Handlers:
SIGSEGV: [libjvm.so+0xdc3bb0], sa_mask[0]=11111111011111111101111111111110, sa_flags=SA_RESTART|SA_SIGINFO
SIGBUS: [libjvm.so+0xdc3bb0], sa_mask[0]=11111111011111111101111111111110, sa_flags=SA_RESTART|SA_SIGINFO
SIGFPE: [libjvm.so+0xdc3bb0], sa_mask[0]=11111111011111111101111111111110, sa_flags=SA_RESTART|SA_SIGINFO
SIGPIPE: [libjvm.so+0xbb9260], sa_mask[0]=11111111011111111101111111111110, sa_flags=SA_RESTART|SA_SIGINFO
SIGXFSZ: [libjvm.so+0xbb9260], sa_mask[0]=11111111011111111101111111111110, sa_flags=SA_RESTART|SA_SIGINFO
SIGILL: [libjvm.so+0xdc3bb0], sa_mask[0]=11111111011111111101111111111110, sa_flags=SA_RESTART|SA_SIGINFO
SIGUSR2: [libjvm.so+0xbb9010], sa_mask[0]=00000000000000000000000000000000, sa_flags=SA_RESTART|SA_SIGINFO
SIGHUP: SIG_DFL, sa_mask[0]=00000000000000000000000000000000, sa_flags=none
SIGINT: SIG_DFL, sa_mask[0]=00000000000000000000000000000000, sa_flags=none
SIGTERM: SIG_DFL, sa_mask[0]=00000000000000000000000000000000, sa_flags=none
SIGQUIT: SIG_DFL, sa_mask[0]=00000000000000000000000000000000, sa_flags=none


---------------  S Y S T E M  ---------------

OS:PRETTY_NAME="Debian GNU/Linux 9 (stretch)"
NAME="Debian GNU/Linux"
VERSION_ID="9"
VERSION="9 (stretch)"
VERSION_CODENAME=stretch
ID=debian
HOME_URL="https://www.debian.org/"
SUPPORT_URL="https://www.debian.org/support"
BUG_REPORT_URL="https://bugs.debian.org/"
uname:Linux 4.9.0-12-amd64 #1 SMP Debian 4.9.210-1 (2020-01-20) x86_64
libc:glibc 2.24 NPTL 2.24 
rlimit: STACK 8192k, CORE 0k, NPROC 2282, NOFILE 1048576, AS infinity, DATA infinity, FSIZE infinity
load average:0.03 0.02 0.00

/proc/meminfo:
MemTotal:         606688 kB
MemFree:           48712 kB
MemAvailable:     390700 kB
Buffers:            9540 kB
Cached:           413336 kB
SwapCached:            0 kB
Active:           293636 kB
Inactive:         214036 kB
Active(anon):      85008 kB
Inactive(anon):     7564 kB
Active(file):     208628 kB
Inactive(file):   206472 kB
Unevictable:           0 kB
Mlocked:               0 kB
SwapTotal:             0 kB
SwapFree:              0 kB
Dirty:                40 kB
Writeback:             0 kB
AnonPages:         84796 kB
Mapped:            35620 kB
Shmem:              7768 kB
Slab:              28628 kB
SReclaimable:      17632 kB
SUnreclaim:        10996 kB
KernelStack:        1504 kB
PageTables:         4216 kB
NFS_Unstable:          0 kB
Bounce:                0 kB
WritebackTmp:          0 kB
CommitLimit:      303344 kB
Committed_AS:     304076 kB
VmallocTotal:   34359738367 kB
VmallocUsed:           0 kB
VmallocChunk:          0 kB
HardwareCorrupted:     0 kB
AnonHugePages:         0 kB
ShmemHugePages:        0 kB
ShmemPmdMapped:        0 kB
HugePages_Total:       0
HugePages_Free:        0
HugePages_Rsvd:        0
HugePages_Surp:        0
Hugepagesize:       2048 kB
DirectMap4k:       92148 kB
DirectMap2M:      536576 kB
DirectMap1G:           0 kB


/proc/sys/kernel/threads-max (system-wide limit on the number of threads):
4565


/proc/sys/vm/max_map_count (maximum number of memory map areas a process may have):
65530


/proc/sys/kernel/pid_max (system-wide limit on number of process identifiers):
32768



container (cgroup) information:
container_type: cgroupv1
cpu_cpuset_cpus: 0
cpu_memory_nodes: 0
active_processor_count: 1
cpu_quota: -1
cpu_period: 100000
cpu_shares: -1
memory_limit_in_bytes: -1
memory_and_swap_limit_in_bytes: -2
memory_soft_limit_in_bytes: -1
memory_usage_in_bytes: 519901184
memory_max_usage_in_bytes: 0

KVM virtualization detected
Steal ticks since vm start: 0
Steal ticks percentage since vm start:  0.000

CPU:total 1 (initial active 1) (1 cores per cpu, 1 threads per core) family 6 model 63 stepping 0, cmov, cx8, fxsr, mmx, sse, sse2, sse3, ssse3, sse4.1, sse4.2, popcnt, avx, avx2, aes, clmul, erms, lzcnt, tsc, tscinvbit, bmi1, bmi2, fma
CPU Model and flags from /proc/cpuinfo:
model name	: Intel(R) Xeon(R) CPU @ 2.30GHz
flags		: fpu vme de pse tsc msr pae mce cx8 apic sep mtrr pge mca cmov pat pse36 clflush mmx fxsr sse sse2 ss ht syscall nx pdpe1gb rdtscp lm constant_tsc rep_good nopl xtopology nonstop_tsc pni pclmulqdq ssse3 fma cx16 pcid sse4_1 sse4_2 x2apic movbe popcnt aes xsave avx f16c rdrand hypervisor lahf_lm abm invpcid_single ssbd ibrs ibpb stibp kaiser fsgsbase tsc_adjust bmi1 avx2 smep bmi2 erms invpcid xsaveopt arat md_clear arch_capabilities

Memory: 4k page, physical 606688k(48712k free), swap 0k(0k free)

vm_info: OpenJDK 64-Bit Server VM (11.0.6+10) for linux-amd64 JRE (11.0.6+10), built on Jan  8 2020 04:40:06 by "openjdk" with gcc 4.4.7 20120313 (Red Hat 4.4.7-23)

END.
